<?xml version="1.0" encoding="UTF-8"?>
<!-- Generated by org.testng.reporters.JUnitReportReporter -->
<testsuite name="com.hybridFramework.productDetailsPage.VerifyLowestFirstPriceFilter" tests="2" time="0.009" ignored="7" failures="0" timestamp="06 Dec 2019 11:16:01 GMT" skipped="0" hostname="PIL-PC-1048" errors="2">
  <testcase name="afterMethod" time="0.005" classname="com.hybridFramework.productDetailsPage.VerifyLowestFirstPriceFilter">
    <error type="java.lang.NullPointerException">
      <![CDATA[java.lang.NullPointerException
	at com.hybridFramework.testBase.TestBase.getScreenShot(TestBase.java:135)
	at com.hybridFramework.testBase.TestBase.getresult(TestBase.java:154)
	at com.hybridFramework.testBase.TestBase.afterMethod(TestBase.java:163)
	at sun.reflect.NativeMethodAccessorImpl.invoke0(Native Method)
	at sun.reflect.NativeMethodAccessorImpl.invoke(Unknown Source)
	at sun.reflect.DelegatingMethodAccessorImpl.invoke(Unknown Source)
	at java.lang.reflect.Method.invoke(Unknown Source)
	at org.testng.internal.MethodInvocationHelper.invokeMethod(MethodInvocationHelper.java:104)
	at org.testng.internal.Invoker.invokeConfigurationMethod(Invoker.java:515)
	at org.testng.internal.Invoker.invokeConfigurations(Invoker.java:217)
	at org.testng.internal.Invoker.invokeMethod(Invoker.java:712)
	at org.testng.internal.Invoker.invokeTestMethod(Invoker.java:851)
	at org.testng.internal.Invoker.invokeTestMethods(Invoker.java:1177)
	at org.testng.internal.TestMethodWorker.invokeTestMethods(TestMethodWorker.java:129)
	at org.testng.internal.TestMethodWorker.run(TestMethodWorker.java:112)
	at org.testng.TestRunner.privateRun(TestRunner.java:756)
	at org.testng.TestRunner.run(TestRunner.java:610)
	at org.testng.SuiteRunner.runTest(SuiteRunner.java:387)
	at org.testng.SuiteRunner.runSequentially(SuiteRunner.java:382)
	at org.testng.SuiteRunner.privateRun(SuiteRunner.java:340)
	at org.testng.SuiteRunner.run(SuiteRunner.java:289)
	at org.testng.SuiteRunnerWorker.runSuite(SuiteRunnerWorker.java:52)
	at org.testng.SuiteRunnerWorker.run(SuiteRunnerWorker.java:86)
	at org.testng.TestNG.runSuitesSequentially(TestNG.java:1293)
	at org.testng.TestNG.runSuitesLocally(TestNG.java:1218)
	at org.testng.TestNG.runSuites(TestNG.java:1133)
	at org.testng.TestNG.run(TestNG.java:1104)
	at org.testng.remote.AbstractRemoteTestNG.run(AbstractRemoteTestNG.java:115)
	at org.testng.remote.RemoteTestNG.initAndRun(RemoteTestNG.java:251)
	at org.testng.remote.RemoteTestNG.main(RemoteTestNG.java:77)
]]>
    </error>
  </testcase> <!-- afterMethod -->
  <testcase name="verifyLowestFirstPriceListInProduct_deatilsPage" time="0.004" classname="com.hybridFramework.productDetailsPage.VerifyLowestFirstPriceFilter">
    <error type="java.lang.NullPointerException">
      <![CDATA[java.lang.NullPointerException
	at com.hybridFramework.productDetailsPage.VerifyLowestFirstPriceFilter.verifyLowestFirstPriceListInProduct_deatilsPage(VerifyLowestFirstPriceFilter.java:30)
	at sun.reflect.NativeMethodAccessorImpl.invoke0(Native Method)
	at sun.reflect.NativeMethodAccessorImpl.invoke(Unknown Source)
	at sun.reflect.DelegatingMethodAccessorImpl.invoke(Unknown Source)
	at java.lang.reflect.Method.invoke(Unknown Source)
	at org.testng.internal.MethodInvocationHelper.invokeMethod(MethodInvocationHelper.java:104)
	at org.testng.internal.Invoker.invokeMethod(Invoker.java:645)
	at org.testng.internal.Invoker.invokeTestMethod(Invoker.java:851)
	at org.testng.internal.Invoker.invokeTestMethods(Invoker.java:1177)
	at org.testng.internal.TestMethodWorker.invokeTestMethods(TestMethodWorker.java:129)
	at org.testng.internal.TestMethodWorker.run(TestMethodWorker.java:112)
	at org.testng.TestRunner.privateRun(TestRunner.java:756)
	at org.testng.TestRunner.run(TestRunner.java:610)
	at org.testng.SuiteRunner.runTest(SuiteRunner.java:387)
	at org.testng.SuiteRunner.runSequentially(SuiteRunner.java:382)
	at org.testng.SuiteRunner.privateRun(SuiteRunner.java:340)
	at org.testng.SuiteRunner.run(SuiteRunner.java:289)
	at org.testng.SuiteRunnerWorker.runSuite(SuiteRunnerWorker.java:52)
	at org.testng.SuiteRunnerWorker.run(SuiteRunnerWorker.java:86)
	at org.testng.TestNG.runSuitesSequentially(TestNG.java:1293)
	at org.testng.TestNG.runSuitesLocally(TestNG.java:1218)
	at org.testng.TestNG.runSuites(TestNG.java:1133)
	at org.testng.TestNG.run(TestNG.java:1104)
	at org.testng.remote.AbstractRemoteTestNG.run(AbstractRemoteTestNG.java:115)
	at org.testng.remote.RemoteTestNG.initAndRun(RemoteTestNG.java:251)
	at org.testng.remote.RemoteTestNG.main(RemoteTestNG.java:77)
]]>
    </error>
  </testcase> <!-- verifyLowestFirstPriceListInProduct_deatilsPage -->
  <testcase name="launchBrowser" classname="com.hybridFramework.testBase.TestBase">
    <skipped/>
  </testcase> <!-- launchBrowser -->
  <testcase name="launchBrowser" classname="com.hybridFramework.testBase.TestBase">
    <skipped/>
  </testcase> <!-- launchBrowser -->
  <testcase name="launchBrowser" classname="com.hybridFramework.testBase.TestBase">
    <skipped/>
  </testcase> <!-- launchBrowser -->
  <testcase name="launchBrowser" classname="com.hybridFramework.testBase.TestBase">
    <skipped/>
  </testcase> <!-- launchBrowser -->
  <testcase name="launchBrowser" classname="com.hybridFramework.testBase.TestBase">
    <skipped/>
  </testcase> <!-- launchBrowser -->
  <testcase name="launchBrowser" classname="com.hybridFramework.testBase.TestBase">
    <skipped/>
  </testcase> <!-- launchBrowser -->
  <testcase name="launchBrowser" classname="com.hybridFramework.testBase.TestBase">
    <skipped/>
  </testcase> <!-- launchBrowser -->
</testsuite> <!-- com.hybridFramework.productDetailsPage.VerifyLowestFirstPriceFilter -->
